[08/Jul/2026 15:30:21] "GET / HTTP/1.1" 200 48636
[08/Jul/2026 15:30:21,685] - Broken pipe from ('127.0.0.1', 62710)
[08/Jul/2026 15:31:58] "GET / HTTP/1.1" 200 48636
[08/Jul/2026 15:31:58] "GET /static/campaign/css/site.css HTTP/1.1" 200 8262
[08/Jul/2026 15:31:58] "GET /static/campaign/img/sertao-texture.svg HTTP/1.1" 200 795
Not Found: /favicon.ico
[08/Jul/2026 15:31:58] "GET /favicon.ico HTTP/1.1" 404 3440
[08/Jul/2026 15:32:19] "GET /admin/ HTTP/1.1" 302 0
[08/Jul/2026 15:32:19] "GET /admin/login/?next=/admin/ HTTP/1.1" 200 4209
[08/Jul/2026 15:32:19] "GET /static/admin/css/base.css HTTP/1.1" 200 22120
[08/Jul/2026 15:32:19] "GET /static/admin/js/theme.js HTTP/1.1" 200 1653
[08/Jul/2026 15:32:19] "GET /static/admin/css/dark_mode.css HTTP/1.1" 200 2808
[08/Jul/2026 15:32:19] "GET /static/admin/css/nav_sidebar.css HTTP/1.1" 200 2810
[08/Jul/2026 15:32:19] "GET /static/admin/css/login.css HTTP/1.1" 200 951
[08/Jul/2026 15:32:19] "GET /static/admin/css/responsive.css HTTP/1.1" 200 16565
[08/Jul/2026 15:32:19] "GET /static/admin/js/nav_sidebar.js HTTP/1.1" 200 3063
[08/Jul/2026 15:33:43] "POST /admin/login/?next=/admin/ HTTP/1.1" 302 0
[08/Jul/2026 15:33:43] "GET /admin/ HTTP/1.1" 200 7307
[08/Jul/2026 15:33:43] "GET /static/admin/css/base.css HTTP/1.1" 304 0
[08/Jul/2026 15:33:43] "GET /static/admin/css/dark_mode.css HTTP/1.1" 304 0
[08/Jul/2026 15:33:43] "GET /static/admin/css/dashboard.css HTTP/1.1" 200 441
[08/Jul/2026 15:33:43] "GET /static/admin/css/responsive.css HTTP/1.1" 304 0
[08/Jul/2026 15:33:43] "GET /static/admin/css/nav_sidebar.css HTTP/1.1" 304 0
[08/Jul/2026 15:33:43] "GET /static/admin/js/theme.js HTTP/1.1" 304 0
[08/Jul/2026 15:33:43] "GET /static/admin/img/icon-addlink.svg HTTP/1.1" 200 331
[08/Jul/2026 15:33:43] "GET /static/admin/js/nav_sidebar.js HTTP/1.1" 304 0
[08/Jul/2026 15:33:43] "GET /static/admin/img/icon-changelink.svg HTTP/1.1" 200 380
[08/Jul/2026 15:34:40] "GET /admin/campaign/kilometer/ HTTP/1.1" 200 60427
[08/Jul/2026 15:34:40] "GET /static/admin/css/changelists.css HTTP/1.1" 200 6878
[08/Jul/2026 15:34:40] "GET /static/admin/js/jquery.init.js HTTP/1.1" 200 347
[08/Jul/2026 15:34:40] "GET /static/admin/js/admin/RelatedObjectLookups.js HTTP/1.1" 200 9777
[08/Jul/2026 15:34:40] "GET /static/admin/js/core.js HTTP/1.1" 200 6208
[08/Jul/2026 15:34:40] "GET /admin/jsi18n/ HTTP/1.1" 200 8514
[08/Jul/2026 15:34:40] "GET /static/admin/js/vendor/jquery/jquery.js HTTP/1.1" 200 285314
[08/Jul/2026 15:34:40] "GET /static/admin/js/prepopulate.js HTTP/1.1" 200 1531
[08/Jul/2026 15:34:40] "GET /static/admin/js/actions.js HTTP/1.1" 200 8076
[08/Jul/2026 15:34:40] "GET /static/admin/js/urlify.js HTTP/1.1" 200 7887
[08/Jul/2026 15:34:40] "GET /static/admin/img/search.svg HTTP/1.1" 200 458
[08/Jul/2026 15:34:40] "GET /static/admin/js/vendor/xregexp/xregexp.js HTTP/1.1" 200 325171
[08/Jul/2026 15:34:40] "GET /static/admin/js/filters.js HTTP/1.1" 200 978
[08/Jul/2026 15:34:40] "GET /static/admin/img/sorting-icons.svg HTTP/1.1" 200 1097
[08/Jul/2026 15:34:40] "GET /static/admin/img/tooltag-add.svg HTTP/1.1" 200 331
[08/Jul/2026 15:34:40] "GET /static/admin/img/icon-viewlink.svg HTTP/1.1" 200 581
[08/Jul/2026 15:34:51] "GET /admin/campaign/kilometer/add/ HTTP/1.1" 200 16157
[08/Jul/2026 15:34:51] "GET /static/admin/js/prepopulate_init.js HTTP/1.1" 200 586
[08/Jul/2026 15:34:51] "GET /static/admin/css/forms.css HTTP/1.1" 200 8525
[08/Jul/2026 15:34:51] "GET /admin/jsi18n/ HTTP/1.1" 200 8514
[08/Jul/2026 15:34:51] "GET /static/admin/js/change_form.js HTTP/1.1" 200 606
[08/Jul/2026 15:34:51] "GET /static/admin/css/widgets.css HTTP/1.1" 200 11973
[08/Jul/2026 15:36:43] "GET / HTTP/1.1" 200 48636
[08/Jul/2026 15:36:44] "GET /static/campaign/css/site.css HTTP/1.1" 304 0
[08/Jul/2026 15:36:44] "GET /static/campaign/img/sertao-texture.svg HTTP/1.1" 304 0
[08/Jul/2026 15:37:02] "GET /reservar/?km=1 HTTP/1.1" 200 3785
[08/Jul/2026 15:40:04] "GET / HTTP/1.1" 200 48636
[08/Jul/2026 15:40:04] "GET /static/campaign/css/site.css HTTP/1.1" 304 0
[08/Jul/2026 15:40:04] "GET /static/campaign/img/sertao-texture.svg HTTP/1.1" 304 0
[08/Jul/2026 15:41:28] "GET / HTTP/1.1" 200 48636
[08/Jul/2026 15:41:28,867] - Broken pipe from ('127.0.0.1', 60637)
[08/Jul/2026 15:47:06] "GET / HTTP/1.1" 200 48636
[08/Jul/2026 15:47:06,822] - Broken pipe from ('127.0.0.1', 64957)
[08/Jul/2026 15:47:17] "GET /reservar/?km=1 HTTP/1.1" 200 3785
[08/Jul/2026 15:47:17,369] - Broken pipe from ('127.0.0.1', 49236)
[08/Jul/2026 15:47:25] "GET /reservar/?km=1 HTTP/1.1" 200 3785
[08/Jul/2026 15:47:26,134] - Broken pipe from ('127.0.0.1', 49242)
[08/Jul/2026 15:47:54] "GET / HTTP/1.1" 200 48636
[08/Jul/2026 15:47:54,398] - Broken pipe from ('127.0.0.1', 63405)
[08/Jul/2026 15:48:17] "GET /reservar/?km=1 HTTP/1.1" 200 2746
[08/Jul/2026 15:48:17,699] - Broken pipe from ('127.0.0.1', 61662)
[08/Jul/2026 15:49:18] "GET /reservar/?km=1 HTTP/1.1" 200 2746
[08/Jul/2026 15:49:23] "GET /reservar/?km=1 HTTP/1.1" 200 2746
[08/Jul/2026 15:49:23,683] - Broken pipe from ('127.0.0.1', 56869)
[08/Jul/2026 15:54:47] "GET / HTTP/1.1" 200 48624
[08/Jul/2026 15:54:47] "GET /static/campaign/css/site.css HTTP/1.1" 200 11052
[08/Jul/2026 15:54:47] "GET /static/campaign/img/caminhos-logo.svg HTTP/1.1" 200 1057
[08/Jul/2026 15:54:47] "GET /static/campaign/img/sertao-texture.svg HTTP/1.1" 304 0
[08/Jul/2026 15:54:47] "GET /static/campaign/img/brand-reference.png HTTP/1.1" 200 348500
[08/Jul/2026 16:00:13] "GET / HTTP/1.1" 200 48459
[08/Jul/2026 16:00:13] "GET /static/campaign/img/caminhos-logo.svg HTTP/1.1" 304 0
[08/Jul/2026 16:00:14] "GET /static/campaign/css/site.css HTTP/1.1" 200 12403
[08/Jul/2026 16:00:14] "GET /static/campaign/img/rosa-hero-pattern.svg HTTP/1.1" 200 1759
[08/Jul/2026 16:15:26] "GET / HTTP/1.1" 200 48036
[08/Jul/2026 16:15:27] "GET /static/campaign/css/site.css HTTP/1.1" 200 13369
[08/Jul/2026 16:15:27] "GET /static/campaign/img/logo-caminhos-preta.png HTTP/1.1" 200 18199
[08/Jul/2026 16:15:27] "GET /static/campaign/img/ave-caminhos.png HTTP/1.1" 200 5642
[08/Jul/2026 16:15:27] "GET /static/campaign/img/rosa-hero-pattern.svg HTTP/1.1" 304 0
[08/Jul/2026 16:15:27] "GET /static/campaign/img/logo-caminhos-clara.png HTTP/1.1" 200 54295
[08/Jul/2026 16:23:34] "GET / HTTP/1.1" 200 48031
[08/Jul/2026 16:23:34] "GET /static/campaign/css/site.css HTTP/1.1" 200 13369
[08/Jul/2026 16:23:34] "GET /static/campaign/img/logo-veredas-dark.svg HTTP/1.1" 200 1305
[08/Jul/2026 16:23:34] "GET /static/campaign/img/ave-vereda.svg HTTP/1.1" 200 326
[08/Jul/2026 16:23:34] "GET /static/campaign/img/rosa-hero-pattern.svg HTTP/1.1" 304 0
[08/Jul/2026 16:23:34] "GET /static/campaign/img/logo-veredas-light.svg HTTP/1.1" 200 1391
[08/Jul/2026 16:24:02] "GET /reservar/?km=1 HTTP/1.1" 200 2777
[08/Jul/2026 16:24:02] "GET /static/campaign/css/site.css HTTP/1.1" 304 0
[08/Jul/2026 16:24:02] "GET /static/campaign/img/logo-veredas-dark.svg HTTP/1.1" 304 0
[08/Jul/2026 16:24:10] "POST /reservar/?km=1 HTTP/1.1" 302 0
[08/Jul/2026 16:24:10] "GET /obrigado/?kms=1 HTTP/1.1" 200 2222
[08/Jul/2026 16:24:10] "GET /static/campaign/css/site.css HTTP/1.1" 304 0
[08/Jul/2026 16:25:39] "GET / HTTP/1.1" 200 48049
[08/Jul/2026 16:25:39] "GET /static/campaign/css/site.css HTTP/1.1" 304 0
[08/Jul/2026 16:25:39] "GET /static/campaign/img/logo-veredas-dark.svg HTTP/1.1" 304 0
[08/Jul/2026 16:25:39] "GET /static/campaign/img/logo-veredas-light.svg HTTP/1.1" 304 0
[08/Jul/2026 16:25:39] "GET /static/campaign/img/ave-vereda.svg HTTP/1.1" 304 0
[08/Jul/2026 16:32:39] "GET / HTTP/1.1" 200 50715
[08/Jul/2026 16:32:40] "GET /static/campaign/img/ave-vereda.svg HTTP/1.1" 304 0
[08/Jul/2026 16:32:40] "GET /static/campaign/css/site.css HTTP/1.1" 200 13892
[08/Jul/2026 16:32:40] "GET /static/campaign/img/marca.png HTTP/1.1" 200 473689
[08/Jul/2026 16:32:40] "GET /static/campaign/img/rosa-hero-pattern.svg HTTP/1.1" 304 0
[08/Jul/2026 16:33:16] "GET /painel/ HTTP/1.1" 302 0
[08/Jul/2026 16:33:16] "GET /painel/login/ HTTP/1.1" 200 1585
[08/Jul/2026 16:33:16] "GET /static/campaign/css/site.css HTTP/1.1" 304 0
[08/Jul/2026 16:33:16] "GET /static/campaign/img/marca.png HTTP/1.1" 304 0
[08/Jul/2026 16:33:21] "POST /painel/login/ HTTP/1.1" 200 1716
[08/Jul/2026 16:33:27] "POST /painel/login/ HTTP/1.1" 302 0
[08/Jul/2026 16:33:27] "GET /painel/ HTTP/1.1" 200 2372
[08/Jul/2026 16:33:27] "GET /static/campaign/css/site.css HTTP/1.1" 304 0
[08/Jul/2026 16:33:27] "GET /static/campaign/img/marca.png HTTP/1.1" 304 0
[08/Jul/2026 16:33:36] "POST /painel/ HTTP/1.1" 302 0
[08/Jul/2026 16:33:36] "GET /painel/ HTTP/1.1" 200 2335
[08/Jul/2026 16:33:36] "GET /static/campaign/css/site.css HTTP/1.1" 304 0
[08/Jul/2026 16:33:37] "GET /painel/sair/ HTTP/1.1" 302 0
[08/Jul/2026 16:33:37] "GET / HTTP/1.1" 200 50697
[08/Jul/2026 16:33:43] "GET /reservar/?km=1 HTTP/1.1" 200 2765
[08/Jul/2026 16:33:43] "GET /static/campaign/img/marca.png HTTP/1.1" 304 0
[08/Jul/2026 16:33:49] "POST /reservar/?km=1 HTTP/1.1" 302 0
[08/Jul/2026 16:33:49] "GET /obrigado/?kms=1 HTTP/1.1" 200 2465
[08/Jul/2026 16:33:49] "GET /static/campaign/css/site.css HTTP/1.1" 304 0
[08/Jul/2026 16:35:56] "GET / HTTP/1.1" 200 50715
[08/Jul/2026 16:35:56] "GET /static/campaign/css/site.css HTTP/1.1" 304 0
[08/Jul/2026 16:35:56] "GET /static/campaign/img/marca.png HTTP/1.1" 304 0
[08/Jul/2026 16:35:56] "GET /static/campaign/img/ave-vereda.svg HTTP/1.1" 304 0
[08/Jul/2026 16:41:16] "GET / HTTP/1.1" 200 50773
[08/Jul/2026 16:41:17] "GET /static/campaign/img/marca.png HTTP/1.1" 304 0
[08/Jul/2026 16:41:17] "GET /static/campaign/img/ave-vereda.svg HTTP/1.1" 304 0
[08/Jul/2026 16:41:17] "GET /static/campaign/css/site.css HTTP/1.1" 200 14592
[08/Jul/2026 16:41:17] "GET /static/campaign/img/rosa-hero-pattern.svg HTTP/1.1" 304 0
[08/Jul/2026 16:43:01] "GET / HTTP/1.1" 200 50773
[08/Jul/2026 16:43:01] "GET /static/campaign/img/marca.png HTTP/1.1" 304 0
[08/Jul/2026 16:43:01] "GET /static/campaign/css/site.css HTTP/1.1" 200 14817
[08/Jul/2026 16:43:06] "GET /km/1/detalhe/ HTTP/1.1" 200 1529
[08/Jul/2026 16:43:06] "GET /static/campaign/css/site.css HTTP/1.1" 304 0
[08/Jul/2026 16:43:11] "GET / HTTP/1.1" 200 50773
[08/Jul/2026 16:43:11] "GET /static/campaign/css/site.css HTTP/1.1" 304 0
[08/Jul/2026 16:59:31] "GET /static/campaign/css/site.css HTTP/1.1" 200 14817
[08/Jul/2026 16:59:31,607] - Broken pipe from ('127.0.0.1', 59606)
[08/Jul/2026 17:02:12] "GET / HTTP/1.1" 200 50773
[08/Jul/2026 17:02:12] "GET /static/campaign/css/site.css HTTP/1.1" 200 14817
[08/Jul/2026 17:02:12,796] - Broken pipe from ('127.0.0.1', 60046)
[08/Jul/2026 17:02:12,855] - Broken pipe from ('127.0.0.1', 60045)
[08/Jul/2026 17:03:21] "GET / HTTP/1.1" 200 50773
[08/Jul/2026 17:03:21] "GET / HTTP/1.1" 200 50773
[08/Jul/2026 17:03:21] "GET /reservar/?km=2 HTTP/1.1" 200 3126
[08/Jul/2026 17:03:21] "GET /painel/login/ HTTP/1.1" 200 1567
[08/Jul/2026 17:03:21,925] - Broken pipe from ('127.0.0.1', 58425)
[08/Jul/2026 17:03:21] "GET /km/2/detalhe/ HTTP/1.1" 302 0
[08/Jul/2026 17:03:22,060] - Broken pipe from ('127.0.0.1', 58420)
